<?xml version="1.0" encoding="UTF-8"?>
<!-- Generated by org.testng.reporters.JUnitXMLReporter -->
<testsuite hostname="CAPHYD-LAP-060" ignored="0" name="Lulu_Android_Emulator_Nexus_6_7.1.1_1.0" tests="1" failures="1" timestamp="02 Jan 2018 14:14:09 GMT" time="124.572" errors="0">
  <testcase name="Signup" time="81.961" classname="caf.Suites.Lulu.P0_Testcases">
    <failure type="java.lang.AssertionError" message="expected [2654832287] but found [265483228]">
      <![CDATA[java.lang.AssertionError: expected [2654832287] but found [265483228]
	at caf.FrameworkLibrary.CapDriver.assertEquals_Text(CapDriver.java:515)
	at caf.Suites.Lulu.P0_Testcases.Signup(P0_Testcases.java:44)
	at java.util.concurrent.FutureTask.run(Unknown Source)
	at java.util.concurrent.ThreadPoolExecutor.runWorker(Unknown Source)
	at java.util.concurrent.ThreadPoolExecutor$Worker.run(Unknown Source)
	at java.lang.Thread.run(Unknown Source)
... Removed 22 stack frames]]>
    </failure>
  </testcase> <!-- Signup -->
</testsuite> <!-- Lulu_Android_Emulator_Nexus_6_7.1.1_1.0 -->
