<html>
<head>
<title>TestNG:  Lulu_Android_Emulator_Nexus_6_7.1.1_1.0</title>
<link href="../testng.css" rel="stylesheet" type="text/css" />
<link href="../my-testng.css" rel="stylesheet" type="text/css" />

<style type="text/css">
.log { display: none;} 
.stack-trace { display: none;} 
</style>
<script type="text/javascript">
<!--
function flip(e) {
  current = e.style.display;
  if (current == 'block') {
    e.style.display = 'none';
    return 0;
  }
  else {
    e.style.display = 'block';
    return 1;
  }
}

function toggleBox(szDivId, elem, msg1, msg2)
{
  var res = -1;  if (document.getElementById) {
    res = flip(document.getElementById(szDivId));
  }
  else if (document.all) {
    // this is the way old msie versions work
    res = flip(document.all[szDivId]);
  }
  if(elem) {
    if(res == 0) elem.innerHTML = msg1; else elem.innerHTML = msg2;
  }

}

function toggleAllBoxes() {
  if (document.getElementsByTagName) {
    d = document.getElementsByTagName('div');
    for (i = 0; i < d.length; i++) {
      if (d[i].className == 'log') {
        flip(d[i]);
      }
    }
  }
}

// -->
</script>

</head>
<body>
<h2 align='center'>Lulu_Android_Emulator_Nexus_6_7.1.1_1.0</h2><table border='1' align="center">
<tr>
<td>Tests passed/Failed/Skipped:</td><td>0/1/0</td>
</tr><tr>
<td>Started on:</td><td>Tue Jan 02 19:42:05 IST 2018</td>
</tr>
<tr><td>Total time:</td><td>124 seconds (124572 ms)</td>
</tr><tr>
<td>Included groups:</td><td></td>
</tr><tr>
<td>Excluded groups:</td><td></td>
</tr>
</table><p/>
<small><i>(Hover the method name to see the test class name)</i></small><p/>
<table width='100%' border='1' class='invocation-failed'>
<tr><td colspan='4' align='center'><b>FAILED TESTS</b></td></tr>
<tr><td><b>Test method</b></td>
<td width="30%"><b>Exception</b></td>
<td width="10%"><b>Time (seconds)</b></td>
<td><b>Instance</b></td>
</tr>
<tr>
<td title='caf.Suites.Lulu.P0_Testcases.Signup()'><b>Signup</b><br>Test class: caf.Suites.Lulu.P0_Testcases<br>Test method: New User Registration Verification<br/>
<a href="#Output-1088653034" onClick='toggleBox("Output-1088653034", this, "Show output", "Hide output");'>Show output</a>

<a href="#Output-1088653034" onClick="toggleAllBoxes();">Show all outputs</a>
<div class='log' id="Output-1088653034">
<a  href=Screenshots_Output/Lulu_Android_Emulator_Nexus_6_7.1.1_1.0_fail_02-Jan-2018__07_42_05PM/Signup-02-Jan-2018__07_44_03PM.jpg><p style="background-color:Tomato;">Failed Screenshot :: Lulu_Android_Emulator_Nexus_6_7.1.1_1.0_fail_02-Jan-2018__07_42_05PM/Signup-02-Jan-2018__07_44_03PM.jpg</p></a><br/>
<html><body><img src=file://C:\Users\rajashekar.vorugala\eclipse-workspace\MobileAppsAutomation/test-output/html/Screenshots_Output/Lulu_Android_Emulator_Nexus_6_7.1.1_1.0_fail_02-Jan-2018__07_42_05PM/Signup-02-Jan-2018__07_44_03PM.jpg alt=Filed Screenshot width="250" height="250"></body></html><br/>
</div>
</td>
<td><div><pre>java.lang.AssertionError: expected [2654832287] but found [265483228]
	at caf.FrameworkLibrary.CapDriver.assertEquals_Text(CapDriver.java:515)
	at caf.Suites.Lulu.P0_Testcases.Signup(P0_Testcases.java:44)
	at java.util.concurrent.FutureTask.run(Unknown Source)
	at java.util.concurrent.ThreadPoolExecutor.runWorker(Unknown Source)
	at java.util.concurrent.ThreadPoolExecutor$Worker.run(Unknown Source)
	at java.lang.Thread.run(Unknown Source)
... Removed 22 stack frames</pre></div><a href='#' onClick='toggleBox("stack-trace1088653034", this, "Click to show all stack frames", "Click to hide stack frames")'>Click to show all stack frames</a>
<div class='stack-trace' id='stack-trace1088653034'><pre>java.lang.AssertionError: expected [2654832287] but found [265483228]
	at org.testng.Assert.fail(Assert.java:93)
	at org.testng.Assert.failNotEquals(Assert.java:512)
	at org.testng.Assert.assertEqualsImpl(Assert.java:134)
	at org.testng.Assert.assertEquals(Assert.java:115)
	at org.testng.Assert.assertEquals(Assert.java:189)
	at org.testng.Assert.assertEquals(Assert.java:199)
	at caf.FrameworkLibrary.CapDriver.assertEquals_Text(CapDriver.java:515)
	at caf.Suites.Lulu.P0_Testcases.Signup(P0_Testcases.java:44)
	at sun.reflect.NativeMethodAccessorImpl.invoke0(Native Method)
	at sun.reflect.NativeMethodAccessorImpl.invoke(Unknown Source)
	at sun.reflect.DelegatingMethodAccessorImpl.invoke(Unknown Source)
	at java.lang.reflect.Method.invoke(Unknown Source)
	at org.testng.internal.MethodInvocationHelper.invokeMethod(MethodInvocationHelper.java:108)
	at org.testng.internal.Invoker.invokeMethod(Invoker.java:669)
	at org.testng.internal.Invoker.invokeTestMethod(Invoker.java:877)
	at org.testng.internal.Invoker.invokeTestMethods(Invoker.java:1201)
	at org.testng.internal.TestMethodWorker.invokeTestMethods(TestMethodWorker.java:125)
	at org.testng.internal.TestMethodWorker.run(TestMethodWorker.java:109)
	at org.testng.TestRunner.privateRun(TestRunner.java:776)
	at org.testng.TestRunner.run(TestRunner.java:634)
	at org.testng.SuiteRunner.runTest(SuiteRunner.java:425)
	at org.testng.SuiteRunner.access$000(SuiteRunner.java:40)
	at org.testng.SuiteRunner$SuiteWorker.run(SuiteRunner.java:459)
	at org.testng.internal.thread.ThreadUtil$1.call(ThreadUtil.java:52)
	at java.util.concurrent.FutureTask.run(Unknown Source)
	at java.util.concurrent.ThreadPoolExecutor.runWorker(Unknown Source)
	at java.util.concurrent.ThreadPoolExecutor$Worker.run(Unknown Source)
	at java.lang.Thread.run(Unknown Source)
</pre></div></td>
<td>81</td>
<td>caf.Suites.Lulu.P0_Testcases@1f51431</td></tr>
</table><p>
</body>
</html>