<?xml version="1.0" encoding="UTF-8"?>
<!-- Generated by org.testng.reporters.JUnitReportReporter -->
<testsuite skipped="1" hostname="CAPHYD-LAP-060" name="caf.Merchants.Lulu.P0_Testcases" tests="2" failures="0" timestamp="29 Dec 2017 05:45:27 GMT" time="0.000" errors="1">
  <testcase name="AppsInstallation" time="0.000" classname="caf.Merchants.Lulu.P0_Testcases">
    <error type="org.testng.TestNGException" message="
Parameter &#039;Trow&#039; is required by BeforeTest on method AppsInstallation but has not been marked @Optional or defined
in C:\Users\rajashekar.vorugala\AppData\Local\Temp\testng-eclipse--714069412\testng-customsuite.xml">
      <![CDATA[org.testng.TestNGException: 
Parameter 'Trow' is required by BeforeTest on method AppsInstallation but has not been marked @Optional or defined
in C:\Users\rajashekar.vorugala\AppData\Local\Temp\testng-eclipse--714069412\testng-customsuite.xml
	at org.testng.internal.Parameters.createParams(Parameters.java:248)
	at org.testng.internal.Parameters.createParametersForMethod(Parameters.java:286)
	at org.testng.internal.Parameters.createParameters(Parameters.java:547)
	at org.testng.internal.Parameters.createConfigurationParameters(Parameters.java:150)
	at org.testng.internal.Invoker.invokeConfigurations(Invoker.java:206)
	at org.testng.internal.Invoker.invokeConfigurations(Invoker.java:146)
	at org.testng.TestRunner.beforeRun(TestRunner.java:658)
	at org.testng.TestRunner.run(TestRunner.java:626)
	at org.testng.SuiteRunner.runTest(SuiteRunner.java:425)
	at org.testng.SuiteRunner.runSequentially(SuiteRunner.java:420)
	at org.testng.SuiteRunner.privateRun(SuiteRunner.java:385)
	at org.testng.SuiteRunner.run(SuiteRunner.java:334)
	at org.testng.SuiteRunnerWorker.runSuite(SuiteRunnerWorker.java:52)
	at org.testng.SuiteRunnerWorker.run(SuiteRunnerWorker.java:86)
	at org.testng.TestNG.runSuitesSequentially(TestNG.java:1318)
	at org.testng.TestNG.runSuitesLocally(TestNG.java:1243)
	at org.testng.TestNG.runSuites(TestNG.java:1161)
	at org.testng.TestNG.run(TestNG.java:1129)
	at org.testng.remote.AbstractRemoteTestNG.run(AbstractRemoteTestNG.java:114)
	at org.testng.remote.RemoteTestNG.initAndRun(RemoteTestNG.java:251)
	at org.testng.remote.RemoteTestNG.main(RemoteTestNG.java:77)
]]>
    </error>
  </testcase> <!-- AppsInstallation -->
  <testcase name="existingUserLogin" time="0.000" classname="caf.Merchants.Lulu.P0_Testcases">
    <skipped/>
  </testcase> <!-- existingUserLogin -->
</testsuite> <!-- caf.Merchants.Lulu.P0_Testcases -->
